[
  {
    "line": 2,
    "elements": [
      {
        "line": 4,
        "name": "",
        "description": "",
        "type": "background",
        "keyword": "Background",
        "steps": [
          {
            "result": {
              "duration": 2348860283,
              "status": "passed"
            },
            "line": 5,
            "name": "I am logged into HRMS",
            "match": {
              "location": "AddEmployeeSteps.i_am_logged_into_HRMS()"
            },
            "keyword": "Given "
          },
          {
            "result": {
              "duration": 2448869194,
              "status": "passed"
            },
            "line": 6,
            "name": "I navigated to Add Employee Page",
            "match": {
              "location": "AddEmployeeSteps.i_navigated_to_Add_Employee_Page()"
            },
            "keyword": "And "
          }
        ]
      },
      {
        "start_timestamp": "2020-02-02T19:46:32.817Z",
        "before": [
          {
            "result": {
              "duration": 2585848560,
              "status": "passed"
            },
            "match": {
              "location": "Hooks.start(Scenario)"
            }
          }
        ],
        "line": 60,
        "name": "AddEmployee and Login Credentials",
        "description": "",
        "id": "add-employee;addemployee-and-login-credentials;;2",
        "after": [
          {
            "result": {
              "error_message": "org.openqa.selenium.NoSuchWindowException: no such window: target window already closed\nfrom unknown error: web view not found\n  (Session info: chrome\u003d79.0.3945.130)\nBuild info: version: \u00273.141.59\u0027, revision: \u0027e82be7d358\u0027, time: \u00272018-11-14T08:17:03\u0027\nSystem info: host: \u0027Ivankas-MacBook-Pro.local\u0027, ip: \u00272601:246:5500:8300:0:0:0:2%en0\u0027, os.name: \u0027Mac OS X\u0027, os.arch: \u0027x86_64\u0027, os.version: \u002710.15.2\u0027, java.version: \u002713.0.1\u0027\nDriver info: org.openqa.selenium.chrome.ChromeDriver\nCapabilities {acceptInsecureCerts: false, browserName: chrome, browserVersion: 79.0.3945.130, chrome: {chromedriverVersion: 79.0.3945.36 (3582db32b3389..., userDataDir: /var/folders/gz/pfz0gkds129...}, goog:chromeOptions: {debuggerAddress: localhost:61903}, javascriptEnabled: true, networkConnectionEnabled: false, pageLoadStrategy: normal, platform: MAC, platformName: MAC, proxy: Proxy(), setWindowRect: true, strictFileInteractability: false, timeouts: {implicit: 0, pageLoad: 300000, script: 30000}, unhandledPromptBehavior: dismiss and notify}\nSession ID: 85ee73df985cb0491918c57c39e9686e\n\tat java.base/jdk.internal.reflect.NativeConstructorAccessorImpl.newInstance0(Native Method)\n\tat java.base/jdk.internal.reflect.NativeConstructorAccessorImpl.newInstance(NativeConstructorAccessorImpl.java:62)\n\tat java.base/jdk.internal.reflect.DelegatingConstructorAccessorImpl.newInstance(DelegatingConstructorAccessorImpl.java:45)\n\tat java.base/java.lang.reflect.Constructor.newInstanceWithCaller(Constructor.java:500)\n\tat java.base/java.lang.reflect.Constructor.newInstance(Constructor.java:481)\n\tat org.openqa.selenium.remote.http.W3CHttpResponseCodec.createException(W3CHttpResponseCodec.java:187)\n\tat org.openqa.selenium.remote.http.W3CHttpResponseCodec.decode(W3CHttpResponseCodec.java:122)\n\tat org.openqa.selenium.remote.http.W3CHttpResponseCodec.decode(W3CHttpResponseCodec.java:49)\n\tat org.openqa.selenium.remote.HttpCommandExecutor.execute(HttpCommandExecutor.java:158)\n\tat org.openqa.selenium.remote.service.DriverCommandExecutor.execute(DriverCommandExecutor.java:83)\n\tat org.openqa.selenium.remote.RemoteWebDriver.execute(RemoteWebDriver.java:552)\n\tat org.openqa.selenium.remote.RemoteWebDriver.execute(RemoteWebDriver.java:609)\n\tat org.openqa.selenium.remote.RemoteWebDriver.getScreenshotAs(RemoteWebDriver.java:295)\n\tat com.hrms.utils.CommonMethods.takeScreenshot(CommonMethods.java:163)\n\tat com.hrms.steps.Hooks.end(Hooks.java:22)\n\tat java.base/jdk.internal.reflect.NativeMethodAccessorImpl.invoke0(Native Method)\n\tat java.base/jdk.internal.reflect.NativeMethodAccessorImpl.invoke(NativeMethodAccessorImpl.java:62)\n\tat java.base/jdk.internal.reflect.DelegatingMethodAccessorImpl.invoke(DelegatingMethodAccessorImpl.java:43)\n\tat java.base/java.lang.reflect.Method.invoke(Method.java:567)\n\tat cucumber.runtime.Utils$1.call(Utils.java:26)\n\tat cucumber.runtime.Timeout.timeout(Timeout.java:16)\n\tat cucumber.runtime.Utils.invoke(Utils.java:20)\n\tat cucumber.runtime.java.JavaHookDefinition.execute(JavaHookDefinition.java:60)\n\tat cucumber.runner.HookDefinitionMatch.runStep(HookDefinitionMatch.java:16)\n\tat cucumber.runner.TestStep.executeStep(TestStep.java:65)\n\tat cucumber.runner.TestStep.run(TestStep.java:50)\n\tat cucumber.runner.TestCase.run(TestCase.java:50)\n\tat cucumber.runner.Runner.runPickle(Runner.java:49)\n\tat cucumber.runtime.junit.PickleRunners$NoStepDescriptions.run(PickleRunners.java:146)\n\tat cucumber.runtime.junit.FeatureRunner.runChild(FeatureRunner.java:68)\n\tat cucumber.runtime.junit.FeatureRunner.runChild(FeatureRunner.java:23)\n\tat org.junit.runners.ParentRunner$3.run(ParentRunner.java:290)\n\tat org.junit.runners.ParentRunner$1.schedule(ParentRunner.java:71)\n\tat org.junit.runners.ParentRunner.runChildren(ParentRunner.java:288)\n\tat org.junit.runners.ParentRunner.access$000(ParentRunner.java:58)\n\tat org.junit.runners.ParentRunner$2.evaluate(ParentRunner.java:268)\n\tat org.junit.runners.ParentRunner.run(ParentRunner.java:363)\n\tat cucumber.runtime.junit.FeatureRunner.run(FeatureRunner.java:73)\n\tat cucumber.api.junit.Cucumber.runChild(Cucumber.java:123)\n\tat cucumber.api.junit.Cucumber.runChild(Cucumber.java:65)\n\tat org.junit.runners.ParentRunner$3.run(ParentRunner.java:290)\n\tat org.junit.runners.ParentRunner$1.schedule(ParentRunner.java:71)\n\tat org.junit.runners.ParentRunner.runChildren(ParentRunner.java:288)\n\tat org.junit.runners.ParentRunner.access$000(ParentRunner.java:58)\n\tat org.junit.runners.ParentRunner$2.evaluate(ParentRunner.java:268)\n\tat cucumber.api.junit.Cucumber$RunCucumber.evaluate(Cucumber.java:147)\n\tat org.junit.runners.ParentRunner.run(ParentRunner.java:363)\n\tat org.eclipse.jdt.internal.junit4.runner.JUnit4TestReference.run(JUnit4TestReference.java:89)\n\tat org.eclipse.jdt.internal.junit.runner.TestExecution.run(TestExecution.java:41)\n\tat org.eclipse.jdt.internal.junit.runner.RemoteTestRunner.runTests(RemoteTestRunner.java:541)\n\tat org.eclipse.jdt.internal.junit.runner.RemoteTestRunner.runTests(RemoteTestRunner.java:763)\n\tat org.eclipse.jdt.internal.junit.runner.RemoteTestRunner.run(RemoteTestRunner.java:463)\n\tat org.eclipse.jdt.internal.junit.runner.RemoteTestRunner.main(RemoteTestRunner.java:209)\n",
              "duration": 35036384,
              "status": "failed"
            },
            "match": {
              "location": "Hooks.end(Scenario)"
            }
          }
        ],
        "type": "scenario",
        "keyword": "Scenario Outline",
        "steps": [
          {
            "result": {
              "duration": 303721530,
              "status": "passed"
            },
            "line": 52,
            "name": "I add \"Anna\", \"Maria\" and \"McGriffin\"",
            "match": {
              "arguments": [
                {
                  "val": "\"Anna\"",
                  "offset": 6
                },
                {
                  "val": "\"Maria\"",
                  "offset": 14
                },
                {
                  "val": "\"McGriffin\"",
                  "offset": 26
                }
              ],
              "location": "AddEmployeeSteps.i_add_and_(String,String,String)"
            },
            "keyword": "When "
          },
          {
            "result": {
              "duration": 120096654,
              "status": "passed"
            },
            "line": 53,
            "name": "I click on create login checkbox",
            "match": {
              "location": "AddEmployeeSteps.i_click_on_create_login_checkbox()"
            },
            "keyword": "And "
          },
          {
            "result": {
              "duration": 374617929,
              "status": "passed"
            },
            "line": 54,
            "name": "I enter \"studentStudent4\", \"Syntax@1234\" and \"Syntax@1234\"",
            "match": {
              "arguments": [
                {
                  "val": "\"studentStudent4\"",
                  "offset": 8
                },
                {
                  "val": "\"Syntax@1234\"",
                  "offset": 27
                },
                {
                  "val": "\"Syntax@1234\"",
                  "offset": 45
                }
              ],
              "location": "AddEmployeeSteps.i_enter_and(String,String,String)"
            },
            "keyword": "And "
          },
          {
            "result": {
              "duration": 101037816,
              "status": "passed"
            },
            "line": 55,
            "name": "I click Save",
            "match": {
              "location": "AddEmployeeSteps.i_click_Save()"
            },
            "keyword": "When "
          },
          {
            "result": {
              "error_message": "org.openqa.selenium.NoSuchElementException: Cannot locate an element using xpath\u003d//div[@id\u003d\u0027profile-pic\u0027]/h1\nFor documentation on this error, please visit: https://www.seleniumhq.org/exceptions/no_such_element.html\nBuild info: version: \u00273.141.59\u0027, revision: \u0027e82be7d358\u0027, time: \u00272018-11-14T08:17:03\u0027\nSystem info: host: \u0027Ivankas-MacBook-Pro.local\u0027, ip: \u00272601:246:5500:8300:0:0:0:2%en0\u0027, os.name: \u0027Mac OS X\u0027, os.arch: \u0027x86_64\u0027, os.version: \u002710.15.2\u0027, java.version: \u002713.0.1\u0027\nDriver info: driver.version: RemoteWebDriver\n\tat org.openqa.selenium.remote.RemoteWebDriver.findElement(RemoteWebDriver.java:327)\n\tat org.openqa.selenium.remote.RemoteWebDriver.findElementByXPath(RemoteWebDriver.java:428)\n\tat org.openqa.selenium.By$ByXPath.findElement(By.java:353)\n\tat org.openqa.selenium.remote.RemoteWebDriver.findElement(RemoteWebDriver.java:315)\n\tat org.openqa.selenium.support.pagefactory.DefaultElementLocator.findElement(DefaultElementLocator.java:69)\n\tat org.openqa.selenium.support.pagefactory.internal.LocatingElementHandler.invoke(LocatingElementHandler.java:38)\n\tat com.sun.proxy.$Proxy18.isDisplayed(Unknown Source)\n\tat com.hrms.steps.AddEmployeeSteps.i_see_Employee_has_been_succesfully_added(AddEmployeeSteps.java:59)\n\tat âœ½.I see Employee has been succesfully added(file:src/test/resources/features/AddEmployee.feature:56)\n",
              "duration": 9180318493,
              "status": "failed"
            },
            "line": 56,
            "name": "I see Employee has been succesfully added",
            "match": {
              "location": "AddEmployeeSteps.i_see_Employee_has_been_succesfully_added()"
            },
            "keyword": "Then "
          }
        ],
        "tags": [
          {
            "name": "@sprint2"
          },
          {
            "name": "@addemployee"
          },
          {
            "name": "@smoke"
          }
        ]
      }
    ],
    "name": "Add Employee",
    "description": "",
    "id": "add-employee",
    "keyword": "Feature",
    "uri": "file:src/test/resources/features/AddEmployee.feature",
    "tags": [
      {
        "name": "@sprint2",
        "type": "Tag",
        "location": {
          "line": 1,
          "column": 1
        }
      },
      {
        "name": "@addemployee",
        "type": "Tag",
        "location": {
          "line": 1,
          "column": 10
        }
      }
    ]
  }
]